

*******************************************************************************
Sun Mar  8 19:44:00 2026


FIT:    data read from "out.times.txt" u 1:2
        format = x:z
        #datapoints = 10
        residuals are weighted equally (unit weight)

function used for fitting: f(x)
	f(x)=a*x**3
fitted parameters initialized with current variable values

iter      chisq       delta/lim  lambda   a            
   0 1.9784049552e+18   0.00e+00  4.45e+08    1.000000e+00
   5 8.3834045852e+00  -1.91e-10  4.45e+03    1.131498e-08

After 5 iterations the fit converged.
final sum of squares of residuals : 8.3834
rel. change during last iteration : -1.90701e-15

degrees of freedom    (FIT_NDF)                        : 9
rms of residuals      (FIT_STDFIT) = sqrt(WSSR/ndf)    : 0.965137
variance of residuals (reduced chisquare) = WSSR/ndf   : 0.931489

Final set of parameters            Asymptotic Standard Error
=======================            ==========================
a               = 1.1315e-08       +/- 6.862e-10    (6.064%)


*******************************************************************************
Sun Mar  8 19:46:22 2026


FIT:    data read from "out.times.txt" u 1:2
        format = x:z
        #datapoints = 31
        residuals are weighted equally (unit weight)

function used for fitting: f(x)
	f(x)=a*x**3
fitted parameters initialized with current variable values

iter      chisq       delta/lim  lambda   a            
   0 5.2768998160e+18   0.00e+00  4.13e+08    1.000000e+00
   5 2.0030630832e+02  -2.84e-11  4.13e+03    3.076904e-08

After 5 iterations the fit converged.
final sum of squares of residuals : 200.306
rel. change during last iteration : -2.83782e-16

degrees of freedom    (FIT_NDF)                        : 30
rms of residuals      (FIT_STDFIT) = sqrt(WSSR/ndf)    : 2.58397
variance of residuals (reduced chisquare) = WSSR/ndf   : 6.67688

Final set of parameters            Asymptotic Standard Error
=======================            ==========================
a               = 3.0769e-08       +/- 1.125e-09    (3.656%)


*******************************************************************************
Sun Mar  8 20:03:49 2026


FIT:    data read from "out.times.txt" u 1:2
        format = x:z
        #datapoints = 19
        residuals are weighted equally (unit weight)

function used for fitting: f(x)
	f(x)=a*x**3
fitted parameters initialized with current variable values

iter      chisq       delta/lim  lambda   a            
   0 3.3821219775e+18   0.00e+00  4.22e+08    1.000000e+00
   5 6.9629838635e-01  -6.38e-11  4.22e+03    5.642274e-09

After 5 iterations the fit converged.
final sum of squares of residuals : 0.696298
rel. change during last iteration : -6.37786e-16

degrees of freedom    (FIT_NDF)                        : 18
rms of residuals      (FIT_STDFIT) = sqrt(WSSR/ndf)    : 0.196681
variance of residuals (reduced chisquare) = WSSR/ndf   : 0.0386832

Final set of parameters            Asymptotic Standard Error
=======================            ==========================
a               = 5.64227e-09      +/- 1.069e-10    (1.895%)


*******************************************************************************
Sun Mar  8 20:07:11 2026


FIT:    data read from "out.times.txt" u 1:2
        format = x:z
        #datapoints = 19
        residuals are weighted equally (unit weight)

function used for fitting: f(x)
	f(x)=a*x**3
fitted parameters initialized with current variable values

iter      chisq       delta/lim  lambda   a            
   0 3.3821218854e+18   0.00e+00  4.22e+08    1.000000e+00
   5 5.9366730362e+01  -4.79e-11  4.22e+03    1.925640e-08

After 5 iterations the fit converged.
final sum of squares of residuals : 59.3667
rel. change during last iteration : -4.78748e-16

degrees of freedom    (FIT_NDF)                        : 18
rms of residuals      (FIT_STDFIT) = sqrt(WSSR/ndf)    : 1.81608
variance of residuals (reduced chisquare) = WSSR/ndf   : 3.29815

Final set of parameters            Asymptotic Standard Error
=======================            ==========================
a               = 1.92564e-08      +/- 9.875e-10    (5.128%)


*******************************************************************************
Sun Mar  8 20:23:23 2026


FIT:    data read from "out.times.txt" u 1:2
        format = x:z
        #datapoints = 19
        residuals are weighted equally (unit weight)

function used for fitting: f(x)
	f(x)=a*x**3
fitted parameters initialized with current variable values

iter      chisq       delta/lim  lambda   a            
   0 3.3821218881e+18   0.00e+00  4.22e+08    1.000000e+00
   5 3.5897515753e+01   0.00e+00  4.22e+05    1.885768e-08

After 5 iterations the fit converged.
final sum of squares of residuals : 35.8975
rel. change during last iteration : 0

degrees of freedom    (FIT_NDF)                        : 18
rms of residuals      (FIT_STDFIT) = sqrt(WSSR/ndf)    : 1.4122
variance of residuals (reduced chisquare) = WSSR/ndf   : 1.99431

Final set of parameters            Asymptotic Standard Error
=======================            ==========================
a               = 1.88577e-08      +/- 7.679e-10    (4.072%)


*******************************************************************************
Sun Mar  8 20:27:10 2026


FIT:    data read from "out.times.txt" u 1:2
        format = x:z
        #datapoints = 19
        residuals are weighted equally (unit weight)

function used for fitting: f(x)
	f(x)=a*x**3
fitted parameters initialized with current variable values

iter      chisq       delta/lim  lambda   a            
   0 3.3821218881e+18   0.00e+00  4.22e+08    1.000000e+00
   5 3.5897515753e+01   0.00e+00  4.22e+05    1.885768e-08

After 5 iterations the fit converged.
final sum of squares of residuals : 35.8975
rel. change during last iteration : 0

degrees of freedom    (FIT_NDF)                        : 18
rms of residuals      (FIT_STDFIT) = sqrt(WSSR/ndf)    : 1.4122
variance of residuals (reduced chisquare) = WSSR/ndf   : 1.99431

Final set of parameters            Asymptotic Standard Error
=======================            ==========================
a               = 1.88577e-08      +/- 7.679e-10    (4.072%)


*******************************************************************************
Sun Mar  8 20:27:10 2026


FIT:    data read from "out.times-2.txt" u 1:2
        format = x:z
        #datapoints = 19
        residuals are weighted equally (unit weight)

function used for fitting: g(x)
	g(x)=a*x**3
fitted parameters initialized with current variable values

iter      chisq       delta/lim  lambda   a            
   0 5.9277269651e+02   0.00e+00  7.96e+00    1.885768e-08
   3 7.2009686392e-01  -5.69e-02  7.96e-03    5.626901e-09

After 3 iterations the fit converged.
final sum of squares of residuals : 0.720097
rel. change during last iteration : -5.68781e-07

degrees of freedom    (FIT_NDF)                        : 18
rms of residuals      (FIT_STDFIT) = sqrt(WSSR/ndf)    : 0.200013
variance of residuals (reduced chisquare) = WSSR/ndf   : 0.0400054

Final set of parameters            Asymptotic Standard Error
=======================            ==========================
a               = 5.6269e-09       +/- 1.088e-10    (1.933%)


*******************************************************************************
Sun Mar  8 20:28:14 2026


FIT:    data read from "out.times.txt" u 1:2
        format = x:z
        #datapoints = 19
        residuals are weighted equally (unit weight)

function used for fitting: f(x)
	f(x)=a*x**3
fitted parameters initialized with current variable values

iter      chisq       delta/lim  lambda   a            
   0 3.3821218881e+18   0.00e+00  4.22e+08    1.000000e+00
   5 3.5897515753e+01   0.00e+00  4.22e+05    1.885768e-08

After 5 iterations the fit converged.
final sum of squares of residuals : 35.8975
rel. change during last iteration : 0

degrees of freedom    (FIT_NDF)                        : 18
rms of residuals      (FIT_STDFIT) = sqrt(WSSR/ndf)    : 1.4122
variance of residuals (reduced chisquare) = WSSR/ndf   : 1.99431

Final set of parameters            Asymptotic Standard Error
=======================            ==========================
a               = 1.88577e-08      +/- 7.679e-10    (4.072%)


*******************************************************************************
Sun Mar  8 20:28:14 2026


FIT:    data read from "out.times-2.txt" u 1:2
        format = x:z
        #datapoints = 19
        residuals are weighted equally (unit weight)

function used for fitting: g(x)
	g(x)=a*x**3
fitted parameters initialized with current variable values

iter      chisq       delta/lim  lambda   a            
   0 5.9277269651e+02   0.00e+00  7.96e+00    1.885768e-08
   3 7.2009686392e-01  -5.69e-02  7.96e-03    5.626901e-09

After 3 iterations the fit converged.
final sum of squares of residuals : 0.720097
rel. change during last iteration : -5.68781e-07

degrees of freedom    (FIT_NDF)                        : 18
rms of residuals      (FIT_STDFIT) = sqrt(WSSR/ndf)    : 0.200013
variance of residuals (reduced chisquare) = WSSR/ndf   : 0.0400054

Final set of parameters            Asymptotic Standard Error
=======================            ==========================
a               = 5.6269e-09       +/- 1.088e-10    (1.933%)


*******************************************************************************
Sun Mar  8 20:28:51 2026


FIT:    data read from "out.times.txt" u 1:2
        format = x:z
        #datapoints = 19
        residuals are weighted equally (unit weight)

function used for fitting: f(x)
	f(x)=a*x**3
fitted parameters initialized with current variable values

iter      chisq       delta/lim  lambda   a            
   0 3.3821218881e+18   0.00e+00  4.22e+08    1.000000e+00
   5 3.5897515753e+01   0.00e+00  4.22e+05    1.885768e-08

After 5 iterations the fit converged.
final sum of squares of residuals : 35.8975
rel. change during last iteration : 0

degrees of freedom    (FIT_NDF)                        : 18
rms of residuals      (FIT_STDFIT) = sqrt(WSSR/ndf)    : 1.4122
variance of residuals (reduced chisquare) = WSSR/ndf   : 1.99431

Final set of parameters            Asymptotic Standard Error
=======================            ==========================
a               = 1.88577e-08      +/- 7.679e-10    (4.072%)


*******************************************************************************
Sun Mar  8 20:28:51 2026


FIT:    data read from "out.times-2.txt" u 1:2
        format = x:z
        #datapoints = 19
        residuals are weighted equally (unit weight)

function used for fitting: g(x)
	g(x)=b*x**3
fitted parameters initialized with current variable values

iter      chisq       delta/lim  lambda   a            
   0 3.3821219776e+18   0.00e+00  0.00e+00    1.885768e-08
BREAK: Singular matrix in Givens()

*******************************************************************************
Sun Mar  8 20:30:33 2026


FIT:    data read from "out.times.txt" u 1:2
        format = x:z
        #datapoints = 19
        residuals are weighted equally (unit weight)

function used for fitting: f(x)
	f(x)=a*x**3
fitted parameters initialized with current variable values

iter      chisq       delta/lim  lambda   a            
   0 3.3821218881e+18   0.00e+00  4.22e+08    1.000000e+00
   5 3.5897515753e+01   0.00e+00  4.22e+05    1.885768e-08

After 5 iterations the fit converged.
final sum of squares of residuals : 35.8975
rel. change during last iteration : 0

degrees of freedom    (FIT_NDF)                        : 18
rms of residuals      (FIT_STDFIT) = sqrt(WSSR/ndf)    : 1.4122
variance of residuals (reduced chisquare) = WSSR/ndf   : 1.99431

Final set of parameters            Asymptotic Standard Error
=======================            ==========================
a               = 1.88577e-08      +/- 7.679e-10    (4.072%)


*******************************************************************************
Sun Mar  8 20:30:33 2026


FIT:    data read from "out.times-2.txt" u 1:2
        format = x:z
        #datapoints = 19
        residuals are weighted equally (unit weight)

function used for fitting: g(x)
	g(x)=b*x**3
fitted parameters initialized with current variable values

iter      chisq       delta/lim  lambda   a            
   0 1.3528487986e+19   0.00e+00  0.00e+00    1.885768e-08
BREAK: Singular matrix in Givens()

*******************************************************************************
Sun Mar  8 20:30:57 2026


FIT:    data read from "out.times.txt" u 1:2
        format = x:z
        #datapoints = 19
        residuals are weighted equally (unit weight)

function used for fitting: f(x)
	f(x)=a*x**3
fitted parameters initialized with current variable values

iter      chisq       delta/lim  lambda   a            
   0 3.3821218881e+18   0.00e+00  4.22e+08    1.000000e+00
   5 3.5897515753e+01   0.00e+00  4.22e+05    1.885768e-08

After 5 iterations the fit converged.
final sum of squares of residuals : 35.8975
rel. change during last iteration : 0

degrees of freedom    (FIT_NDF)                        : 18
rms of residuals      (FIT_STDFIT) = sqrt(WSSR/ndf)    : 1.4122
variance of residuals (reduced chisquare) = WSSR/ndf   : 1.99431

Final set of parameters            Asymptotic Standard Error
=======================            ==========================
a               = 1.88577e-08      +/- 7.679e-10    (4.072%)


*******************************************************************************
Sun Mar  8 20:30:57 2026


FIT:    data read from "out.times-2.txt" u 1:2
        format = x:z
        #datapoints = 19
        residuals are weighted equally (unit weight)

function used for fitting: g(x)
	g(x)=b*x**3
fitted parameters initialized with current variable values

iter      chisq       delta/lim  lambda   b            
   0 3.3821219776e+18   0.00e+00  4.22e+08    1.000000e+00
   5 7.2009686392e-01  -1.54e-11  4.22e+04    5.626901e-09

After 5 iterations the fit converged.
final sum of squares of residuals : 0.720097
rel. change during last iteration : -1.54177e-16

degrees of freedom    (FIT_NDF)                        : 18
rms of residuals      (FIT_STDFIT) = sqrt(WSSR/ndf)    : 0.200013
variance of residuals (reduced chisquare) = WSSR/ndf   : 0.0400054

Final set of parameters            Asymptotic Standard Error
=======================            ==========================
b               = 5.6269e-09       +/- 1.088e-10    (1.933%)


*******************************************************************************
Tue Mar 10 11:19:06 2026


FIT:    data read from "out.times.txt" u 1:2
        format = x:z
        #datapoints = 19
        residuals are weighted equally (unit weight)

function used for fitting: f(x)
	f(x)=a*x**3
fitted parameters initialized with current variable values

iter      chisq       delta/lim  lambda   a            
   0 3.3821219165e+18   0.00e+00  4.22e+08    1.000000e+00
   5 1.3938722128e+01  -2.55e-11  4.22e+03    1.465826e-08

After 5 iterations the fit converged.
final sum of squares of residuals : 13.9387
rel. change during last iteration : -2.54881e-16

degrees of freedom    (FIT_NDF)                        : 18
rms of residuals      (FIT_STDFIT) = sqrt(WSSR/ndf)    : 0.879985
variance of residuals (reduced chisquare) = WSSR/ndf   : 0.774373

Final set of parameters            Asymptotic Standard Error
=======================            ==========================
a               = 1.46583e-08      +/- 4.785e-10    (3.264%)


*******************************************************************************
Tue Mar 10 11:26:02 2026


FIT:    data read from "out.times.txt" u 1:2
        format = x:z
        #datapoints = 19
        residuals are weighted equally (unit weight)

function used for fitting: f(x)
	f(x)=a*x**3
fitted parameters initialized with current variable values

iter      chisq       delta/lim  lambda   a            
   0 3.3821219042e+18   0.00e+00  4.22e+08    1.000000e+00
   5 3.2121698202e+01   0.00e+00  4.22e+06    1.647491e-08

After 5 iterations the fit converged.
final sum of squares of residuals : 32.1217
rel. change during last iteration : 0

degrees of freedom    (FIT_NDF)                        : 18
rms of residuals      (FIT_STDFIT) = sqrt(WSSR/ndf)    : 1.33587
variance of residuals (reduced chisquare) = WSSR/ndf   : 1.78454

Final set of parameters            Asymptotic Standard Error
=======================            ==========================
a               = 1.64749e-08      +/- 7.264e-10    (4.409%)


*******************************************************************************
Tue Mar 10 11:31:46 2026


FIT:    data read from "out.times.txt" u 1:2
        format = x:z
        #datapoints = 19
        residuals are weighted equally (unit weight)

function used for fitting: f(x)
	f(x)=a*x**3
fitted parameters initialized with current variable values

iter      chisq       delta/lim  lambda   a            
   0 3.3821219042e+18   0.00e+00  4.22e+08    1.000000e+00
   5 3.1209867976e+01   0.00e+00  4.22e+11    1.647378e-08

After 5 iterations the fit converged.
final sum of squares of residuals : 31.2099
rel. change during last iteration : 0

degrees of freedom    (FIT_NDF)                        : 18
rms of residuals      (FIT_STDFIT) = sqrt(WSSR/ndf)    : 1.31677
variance of residuals (reduced chisquare) = WSSR/ndf   : 1.73388

Final set of parameters            Asymptotic Standard Error
=======================            ==========================
a               = 1.64738e-08      +/- 7.16e-10     (4.346%)
