

*******************************************************************************
Wed Feb 18 13:46:55 2026


FIT:    data read from "out.times" using 1:2
        format = x:z
        #datapoints = 8
        residuals are weighted equally (unit weight)

function used for fitting: f(x)
	f(x)=a+b/x
fitted parameters initialized with current variable values

iter      chisq       delta/lim  lambda   a             b            
   0 1.0709552196e+04   0.00e+00  3.17e+00    1.000000e+00   1.000000e+01
   4 1.0895668517e+02  -2.42e-05  3.17e-04    1.389240e+01   6.827467e+01

After 4 iterations the fit converged.
final sum of squares of residuals : 108.957
rel. change during last iteration : -2.42196e-10

degrees of freedom    (FIT_NDF)                        : 6
rms of residuals      (FIT_STDFIT) = sqrt(WSSR/ndf)    : 4.26139
variance of residuals (reduced chisquare) = WSSR/ndf   : 18.1594

Final set of parameters            Asymptotic Standard Error
=======================            ==========================
a               = 13.8924          +/- 2.396        (17.24%)
b               = 68.2747          +/- 5.483        (8.031%)

correlation matrix of the fit parameters:
                a      b      
a               1.000 
b              -0.778  1.000 


*******************************************************************************
Wed Feb 18 13:48:31 2026


FIT:    data read from "out.times" using 1:2
        format = x:z
        #datapoints = 8
        residuals are weighted equally (unit weight)

function used for fitting: f(x)
	f(x)=a+b/x
fitted parameters initialized with current variable values

iter      chisq       delta/lim  lambda   a             b            
   0 1.0709552196e+04   0.00e+00  3.17e+00    1.000000e+00   1.000000e+01
   4 1.0895668517e+02  -2.42e-05  3.17e-04    1.389240e+01   6.827467e+01

After 4 iterations the fit converged.
final sum of squares of residuals : 108.957
rel. change during last iteration : -2.42196e-10

degrees of freedom    (FIT_NDF)                        : 6
rms of residuals      (FIT_STDFIT) = sqrt(WSSR/ndf)    : 4.26139
variance of residuals (reduced chisquare) = WSSR/ndf   : 18.1594

Final set of parameters            Asymptotic Standard Error
=======================            ==========================
a               = 13.8924          +/- 2.396        (17.24%)
b               = 68.2747          +/- 5.483        (8.031%)

correlation matrix of the fit parameters:
                a      b      
a               1.000 
b              -0.778  1.000 


*******************************************************************************
Wed Feb 18 13:49:08 2026


FIT:    data read from "out.times" using 1:2
        format = x:z
        #datapoints = 8
        residuals are weighted equally (unit weight)

function used for fitting: f(x)
	f(x)=a+b/x
fitted parameters initialized with current variable values

iter      chisq       delta/lim  lambda   a             b            
   0 1.0709552196e+04   0.00e+00  3.17e+00    1.000000e+00   1.000000e+01
   4 1.0895668517e+02  -2.42e-05  3.17e-04    1.389240e+01   6.827467e+01

After 4 iterations the fit converged.
final sum of squares of residuals : 108.957
rel. change during last iteration : -2.42196e-10

degrees of freedom    (FIT_NDF)                        : 6
rms of residuals      (FIT_STDFIT) = sqrt(WSSR/ndf)    : 4.26139
variance of residuals (reduced chisquare) = WSSR/ndf   : 18.1594

Final set of parameters            Asymptotic Standard Error
=======================            ==========================
a               = 13.8924          +/- 2.396        (17.24%)
b               = 68.2747          +/- 5.483        (8.031%)

correlation matrix of the fit parameters:
                a      b      
a               1.000 
b              -0.778  1.000 
