

*******************************************************************************
Sun Mar  1 20:37:48 2026


FIT:    data read from "Out.times" using 1:2
        format = x:z
        #datapoints = 16
        residuals are weighted equally (unit weight)

function used for fitting: f(x)
	f(x) = a*(x**3)
fitted parameters initialized with current variable values

iter      chisq       delta/lim  lambda   a            
   0 1.3852858661e+16   0.00e+00  2.94e+07    1.000000e+00
   5 1.8005147772e-04  -1.28e-09  2.94e+02    7.909876e-09

After 5 iterations the fit converged.
final sum of squares of residuals : 0.000180051
rel. change during last iteration : -1.27959e-14

degrees of freedom    (FIT_NDF)                        : 15
rms of residuals      (FIT_STDFIT) = sqrt(WSSR/ndf)    : 0.0034646
variance of residuals (reduced chisquare) = WSSR/ndf   : 1.20034e-05

Final set of parameters            Asymptotic Standard Error
=======================            ==========================
a               = 7.90988e-09      +/- 2.944e-11    (0.3721%)


*******************************************************************************
Sun Mar  1 20:38:57 2026


FIT:    data read from "Out.times" using 1:2
        format = x:z
        #datapoints = 16
        residuals are weighted equally (unit weight)

function used for fitting: f(x)
	f(x) = a*(x**3)
fitted parameters initialized with current variable values

iter      chisq       delta/lim  lambda   a            
   0 1.3852858662e+16   0.00e+00  2.94e+07    1.000000e+00
   5 3.2704490237e-04  -6.46e-10  2.94e+02    7.884524e-09

After 5 iterations the fit converged.
final sum of squares of residuals : 0.000327045
rel. change during last iteration : -6.46454e-15

degrees of freedom    (FIT_NDF)                        : 15
rms of residuals      (FIT_STDFIT) = sqrt(WSSR/ndf)    : 0.00466937
variance of residuals (reduced chisquare) = WSSR/ndf   : 2.1803e-05

Final set of parameters            Asymptotic Standard Error
=======================            ==========================
a               = 7.88452e-09      +/- 3.967e-11    (0.5032%)


*******************************************************************************
Tue Mar  3 20:47:06 2026


FIT:    data read from "Out.times" using 1:2
        format = x:z
        #datapoints = 16
        residuals are weighted equally (unit weight)

function used for fitting: f(x)
	f(x) = a*(x**3)
fitted parameters initialized with current variable values

iter      chisq       delta/lim  lambda   a            
   0 1.3852858802e+16   0.00e+00  2.94e+07    1.000000e+00
   5 3.3820446871e-04  -7.85e-10  2.94e+02    2.823816e-09

After 5 iterations the fit converged.
final sum of squares of residuals : 0.000338204
rel. change during last iteration : -7.85411e-15

degrees of freedom    (FIT_NDF)                        : 15
rms of residuals      (FIT_STDFIT) = sqrt(WSSR/ndf)    : 0.00474836
variance of residuals (reduced chisquare) = WSSR/ndf   : 2.2547e-05

Final set of parameters            Asymptotic Standard Error
=======================            ==========================
a               = 2.82382e-09      +/- 4.034e-11    (1.429%)


*******************************************************************************
Tue Mar  3 20:50:57 2026


FIT:    data read from "Out.times" using 1:2
        format = x:z
        #datapoints = 16
        residuals are weighted equally (unit weight)

function used for fitting: f(x)
	f(x) = a*(x**3)
fitted parameters initialized with current variable values

iter      chisq       delta/lim  lambda   a            
   0 2.9109163815e+18   0.00e+00  4.27e+08    1.000000e+00
   5 3.7478358349e-03  -1.58e-08  4.27e+03    2.407837e-09

After 5 iterations the fit converged.
final sum of squares of residuals : 0.00374784
rel. change during last iteration : -1.57604e-13

degrees of freedom    (FIT_NDF)                        : 15
rms of residuals      (FIT_STDFIT) = sqrt(WSSR/ndf)    : 0.0158068
variance of residuals (reduced chisquare) = WSSR/ndf   : 0.000249856

Final set of parameters            Asymptotic Standard Error
=======================            ==========================
a               = 2.40784e-09      +/- 9.265e-12    (0.3848%)


*******************************************************************************
Tue Mar  3 20:58:18 2026


FIT:    data read from "Out.times" using 1:2
        format = x:z
        #datapoints = 16
        residuals are weighted equally (unit weight)

function used for fitting: f(x)
	f(x) = a*(x**3)
fitted parameters initialized with current variable values

iter      chisq       delta/lim  lambda   a            
   0 2.9109163813e+18   0.00e+00  4.27e+08    1.000000e+00
   5 2.8905590321e-03  -2.08e-08  4.27e+03    2.435750e-09

After 5 iterations the fit converged.
final sum of squares of residuals : 0.00289056
rel. change during last iteration : -2.08247e-13

degrees of freedom    (FIT_NDF)                        : 15
rms of residuals      (FIT_STDFIT) = sqrt(WSSR/ndf)    : 0.0138818
variance of residuals (reduced chisquare) = WSSR/ndf   : 0.000192704

Final set of parameters            Asymptotic Standard Error
=======================            ==========================
a               = 2.43575e-09      +/- 8.136e-12    (0.334%)


*******************************************************************************
Tue Mar  3 21:01:16 2026


FIT:    data read from "Out.times" using 1:2
        format = x:z
        #datapoints = 16
        residuals are weighted equally (unit weight)

function used for fitting: f(x)
	f(x) = a*(x**3)
fitted parameters initialized with current variable values

iter      chisq       delta/lim  lambda   a            
   0 2.9109163947e+18   0.00e+00  4.27e+08    1.000000e+00
   5 1.5874441678e-03  -3.78e-08  4.27e+03    1.390874e-10

After 5 iterations the fit converged.
final sum of squares of residuals : 0.00158744
rel. change during last iteration : -3.77964e-13

degrees of freedom    (FIT_NDF)                        : 15
rms of residuals      (FIT_STDFIT) = sqrt(WSSR/ndf)    : 0.0102874
variance of residuals (reduced chisquare) = WSSR/ndf   : 0.00010583

Final set of parameters            Asymptotic Standard Error
=======================            ==========================
a               = 1.39087e-10      +/- 6.03e-12     (4.335%)
